# JRE version: Java(TM) SE Runtime Environment (7.0_51-b13) (build 1.7.0_51-b13)
# Java VM: Java HotSpot(TM) 64-Bit Server VM (24.51-b03 mixed mode linux-amd64 compressed oops)
Heap
 PSYoungGen      total 295424K, used 69120K [0x00000007d6900000, 0x00000007f6780000, 0x0000000800000000)
  eden space 69120K, 100% used [0x00000007d6900000,0x00000007dac80000,0x00000007dac80000)
  from space 226304K, 0% used [0x00000007e8980000,0x00000007e8980000,0x00000007f6680000)
  to   space 226304K, 0% used [0x00000007dac80000,0x00000007dac80000,0x00000007e8980000)
 ParOldGen       total 1356800K, used 1356511K [0x0000000783c00000, 0x00000007d6900000, 0x00000007d6900000)
  object space 1356800K, 99% used [0x0000000783c00000,0x00000007d68b7c30,0x00000007d6900000)
 PSPermGen       total 32768K, used 32297K [0x000000077ea00000, 0x0000000780a00000, 0x0000000783c00000)
  object space 32768K, 98% used [0x000000077ea00000,0x000000078098a700,0x0000000780a00000)
GC Heap History (10 events):
Event: 196.612 GC heap before
{Heap before GC invocations=161 (full 45):
 PSYoungGen      total 295424K, used 75263K [0x00000007d6900000, 0x00000007f6780000, 0x0000000800000000)
  eden space 69120K, 100% used [0x00000007d6900000,0x00000007dac80000,0x00000007dac80000)
  from space 226304K, 2% used [0x00000007e8980000,0x00000007e8f7ffd0,0x00000007f6680000)
  to   space 226304K, 0% used [0x00000007dac80000,0x00000007dac80000,0x00000007e8980000)
 ParOldGen       total 1356800K, used 1356525K [0x0000000783c00000, 0x00000007d6900000, 0x00000007d6900000)
  object space 1356800K, 99% used [0x0000000783c00000,0x00000007d68bb780,0x00000007d6900000)
 PSPermGen       total 32256K, used 32192K [0x000000077ea00000, 0x0000000780980000, 0x0000000783c00000)
  object space 32256K, 99% used [0x000000077ea00000,0x0000000780970390,0x0000000780980000)
Event: 196.803 GC heap after
Heap after GC invocations=161 (full 45):
 PSYoungGen      total 295424K, used 74523K [0x00000007d6900000, 0x00000007f6780000, 0x0000000800000000)
  eden space 69120K, 98% used [0x00000007d6900000,0x00000007dabc6d10,0x00000007dac80000)
  from space 226304K, 2% used [0x00000007e8980000,0x00000007e8f7ffd0,0x00000007f6680000)
  to   space 226304K, 0% used [0x00000007dac80000,0x00000007dac80000,0x00000007e8980000)
 ParOldGen       total 1356800K, used 1356520K [0x0000000783c00000, 0x00000007d6900000, 0x00000007d6900000)
  object space 1356800K, 99% used [0x0000000783c00000,0x00000007d68ba070,0x00000007d6900000)
 PSPermGen       total 32256K, used 32192K [0x000000077ea00000, 0x0000000780980000, 0x0000000783c00000)
  object space 32256K, 99% used [0x000000077ea00000,0x0000000780970390,0x0000000780980000)
}
Event: 196.867 GC heap before
{Heap before GC invocations=162 (full 46):
 PSYoungGen      total 295424K, used 75263K [0x00000007d6900000, 0x00000007f6780000, 0x0000000800000000)
  eden space 69120K, 100% used [0x00000007d6900000,0x00000007dac80000,0x00000007dac80000)
  from space 226304K, 2% used [0x00000007e8980000,0x00000007e8f7ffd0,0x00000007f6680000)
  to   space 226304K, 0% used [0x00000007dac80000,0x00000007dac80000,0x00000007e8980000)
 ParOldGen       total 1356800K, used 1356520K [0x0000000783c00000, 0x00000007d6900000, 0x00000007d6900000)
  object space 1356800K, 99% used [0x0000000783c00000,0x00000007d68ba070,0x00000007d6900000)
 PSPermGen       total 32256K, used 32192K [0x000000077ea00000, 0x0000000780980000, 0x0000000783c00000)
  object space 32256K, 99% used [0x000000077ea00000,0x0000000780970390,0x0000000780980000)
Event: 196.915 GC heap after
Heap after GC invocations=162 (full 46):
 PSYoungGen      total 295424K, used 74495K [0x00000007d6900000, 0x00000007f6780000, 0x0000000800000000)
  eden space 69120K, 98% used [0x00000007d6900000,0x00000007dabbff68,0x00000007dac80000)
  from space 226304K, 2% used [0x00000007e8980000,0x00000007e8f7ffd0,0x00000007f6680000)
  to   space 226304K, 0% used [0x00000007dac80000,0x00000007dac80000,0x00000007e8980000)
 ParOldGen       total 1356800K, used 1356520K [0x0000000783c00000, 0x00000007d6900000, 0x00000007d6900000)
  object space 1356800K, 99% used [0x0000000783c00000,0x00000007d68ba038,0x00000007d6900000)
 PSPermGen       total 32256K, used 32192K [0x000000077ea00000, 0x0000000780980000, 0x0000000783c00000)
  object space 32256K, 99% used [0x000000077ea00000,0x0000000780970390,0x0000000780980000)
}
Event: 196.918 GC heap before
{Heap before GC invocations=163 (full 47):
 PSYoungGen      total 295424K, used 75174K [0x00000007d6900000, 0x00000007f6780000, 0x0000000800000000)
  eden space 69120K, 99% used [0x00000007d6900000,0x00000007dac69bc0,0x00000007dac80000)
  from space 226304K, 2% used [0x00000007e8980000,0x00000007e8f7ffd0,0x00000007f6680000)
  to   space 226304K, 0% used [0x00000007dac80000,0x00000007dac80000,0x00000007e8980000)
 ParOldGen       total 1356800K, used 1356520K [0x0000000783c00000, 0x00000007d6900000, 0x00000007d6900000)
  object space 1356800K, 99% used [0x0000000783c00000,0x00000007d68ba038,0x00000007d6900000)
 PSPermGen       total 32256K, used 32192K [0x000000077ea00000, 0x0000000780980000, 0x0000000783c00000)
  object space 32256K, 99% used [0x000000077ea00000,0x0000000780970390,0x0000000780980000)
Event: 196.997 GC heap after
Heap after GC invocations=163 (full 47):
 PSYoungGen      total 295424K, used 74584K [0x00000007d6900000, 0x00000007f6780000, 0x0000000800000000)
  eden space 69120K, 99% used [0x00000007d6900000,0x00000007dabd6150,0x00000007dac80000)
  from space 226304K, 2% used [0x00000007e8980000,0x00000007e8f7ffd0,0x00000007f6680000)
  to   space 226304K, 0% used [0x00000007dac80000,0x00000007dac80000,0x00000007e8980000)
 ParOldGen       total 1356800K, used 1356511K [0x0000000783c00000, 0x00000007d6900000, 0x00000007d6900000)
  object space 1356800K, 99% used [0x0000000783c00000,0x00000007d68b7f98,0x00000007d6900000)
 PSPermGen       total 32256K, used 32192K [0x000000077ea00000, 0x0000000780980000, 0x0000000783c00000)
  object space 32256K, 99% used [0x000000077ea00000,0x0000000780970390,0x0000000780980000)
}
Event: 196.997 GC heap before
{Heap before GC invocations=164 (full 48):
 PSYoungGen      total 295424K, used 74584K [0x00000007d6900000, 0x00000007f6780000, 0x0000000800000000)
  eden space 69120K, 99% used [0x00000007d6900000,0x00000007dabd6150,0x00000007dac80000)
  from space 226304K, 2% used [0x00000007e8980000,0x00000007e8f7ffd0,0x00000007f6680000)
  to   space 226304K, 0% used [0x00000007dac80000,0x00000007dac80000,0x00000007e8980000)
 ParOldGen       total 1356800K, used 1356511K [0x0000000783c00000, 0x00000007d6900000, 0x00000007d6900000)
  object space 1356800K, 99% used [0x0000000783c00000,0x00000007d68b7f98,0x00000007d6900000)
 PSPermGen       total 32256K, used 32192K [0x000000077ea00000, 0x0000000780980000, 0x0000000783c00000)
  object space 32256K, 99% used [0x000000077ea00000,0x0000000780970390,0x0000000780980000)
Event: 197.037 GC heap after
Heap after GC invocations=164 (full 48):
 PSYoungGen      total 295424K, used 74559K [0x00000007d6900000, 0x00000007f6780000, 0x0000000800000000)
  eden space 69120K, 98% used [0x00000007d6900000,0x00000007dabcfc40,0x00000007dac80000)
  from space 226304K, 2% used [0x00000007e8980000,0x00000007e8f7ffd0,0x00000007f6680000)
  to   space 226304K, 0% used [0x00000007dac80000,0x00000007dac80000,0x00000007e8980000)
 ParOldGen       total 1356800K, used 1356511K [0x0000000783c00000, 0x00000007d6900000, 0x00000007d6900000)
  object space 1356800K, 99% used [0x0000000783c00000,0x00000007d68b7f98,0x00000007d6900000)
 PSPermGen       total 32256K, used 32192K [0x000000077ea00000, 0x0000000780980000, 0x0000000783c00000)
  object space 32256K, 99% used [0x000000077ea00000,0x0000000780970390,0x0000000780980000)
}
Event: 198.448 GC heap before
{Heap before GC invocations=165 (full 49):
 PSYoungGen      total 295424K, used 75263K [0x00000007d6900000, 0x00000007f6780000, 0x0000000800000000)
  eden space 69120K, 100% used [0x00000007d6900000,0x00000007dac80000,0x00000007dac80000)
  from space 226304K, 2% used [0x00000007e8980000,0x00000007e8f7ffd0,0x00000007f6680000)
  to   space 226304K, 0% used [0x00000007dac80000,0x00000007dac80000,0x00000007e8980000)
 ParOldGen       total 1356800K, used 1356515K [0x0000000783c00000, 0x00000007d6900000, 0x00000007d6900000)
  object space 1356800K, 99% used [0x0000000783c00000,0x00000007d68b8ce8,0x00000007d6900000)
 PSPermGen       total 32256K, used 32192K [0x000000077ea00000, 0x0000000780980000, 0x0000000783c00000)
  object space 32256K, 99% used [0x000000077ea00000,0x0000000780970390,0x0000000780980000)
Event: 198.563 GC heap after
Heap after GC invocations=165 (full 49):
 PSYoungGen      total 295424K, used 55831K [0x00000007d6900000, 0x00000007f6780000, 0x0000000800000000)
  eden space 69120K, 80% used [0x00000007d6900000,0x00000007d9f85f28,0x00000007dac80000)
  from space 226304K, 0% used [0x00000007e8980000,0x00000007e8980000,0x00000007f6680000)
  to   space 226304K, 0% used [0x00000007dac80000,0x00000007dac80000,0x00000007e8980000)
 ParOldGen       total 1356800K, used 1356511K [0x0000000783c00000, 0x00000007d6900000, 0x00000007d6900000)
  object space 1356800K, 99% used [0x0000000783c00000,0x00000007d68b7c30,0x00000007d6900000)
 PSPermGen       total 32256K, used 32192K [0x000000077ea00000, 0x0000000780980000, 0x0000000783c00000)
  object space 32256K, 99% used [0x000000077ea00000,0x0000000780970390,0x0000000780980000)
}

